<?xml version="1.0" encoding="UTF-8"?>
<testsuite name="com.jojoldu.book.springboot.web.IndexControllerTest" tests="1" skipped="0" failures="0" errors="0" timestamp="2022-11-13T07:55:20" hostname="im-ahyeon-ui-MacBookPro.local" time="0.163">
  <properties/>
  <testcase name="메인페이지_로딩()" classname="com.jojoldu.book.springboot.web.IndexControllerTest" time="0.163"/>
  <system-out><![CDATA[2022-11-13 16:55:19.560  INFO 10753 --- [    Test worker] .b.t.c.SpringBootTestContextBootstrapper : Neither @ContextConfiguration nor @ContextHierarchy found for test class [com.jojoldu.book.springboot.web.IndexControllerTest], using SpringBootContextLoader
2022-11-13 16:55:19.561  INFO 10753 --- [    Test worker] o.s.t.c.support.AbstractContextLoader    : Could not detect default resource locations for test class [com.jojoldu.book.springboot.web.IndexControllerTest]: no resource found for suffixes {-context.xml, Context.groovy}.
2022-11-13 16:55:19.561  INFO 10753 --- [    Test worker] t.c.s.AnnotationConfigContextLoaderUtils : Could not detect default configuration classes for test class [com.jojoldu.book.springboot.web.IndexControllerTest]: IndexControllerTest does not declare any static, non-private, non-final, nested classes annotated with @Configuration.
2022-11-13 16:55:19.562  INFO 10753 --- [    Test worker] .b.t.c.SpringBootTestContextBootstrapper : Found @SpringBootConfiguration com.jojoldu.book.springboot.Application for test class com.jojoldu.book.springboot.web.IndexControllerTest
2022-11-13 16:55:19.563  INFO 10753 --- [    Test worker] .b.t.c.SpringBootTestContextBootstrapper : Loaded default TestExecutionListener class names from location [META-INF/spring.factories]: [org.springframework.security.test.context.support.WithSecurityContextTestExecutionListener, org.springframework.security.test.context.support.ReactorContextTestExecutionListener, org.springframework.boot.test.autoconfigure.restdocs.RestDocsTestExecutionListener, org.springframework.boot.test.autoconfigure.web.client.MockRestServiceServerResetTestExecutionListener, org.springframework.boot.test.autoconfigure.web.servlet.MockMvcPrintOnlyOnFailureTestExecutionListener, org.springframework.boot.test.autoconfigure.web.servlet.WebDriverTestExecutionListener, org.springframework.boot.test.autoconfigure.webservices.client.MockWebServiceServerTestExecutionListener, org.springframework.boot.test.mock.mockito.MockitoTestExecutionListener, org.springframework.boot.test.mock.mockito.ResetMocksTestExecutionListener, org.springframework.test.context.web.ServletTestExecutionListener, org.springframework.test.context.support.DirtiesContextBeforeModesTestExecutionListener, org.springframework.test.context.support.DependencyInjectionTestExecutionListener, org.springframework.test.context.support.DirtiesContextTestExecutionListener, org.springframework.test.context.transaction.TransactionalTestExecutionListener, org.springframework.test.context.jdbc.SqlScriptsTestExecutionListener, org.springframework.test.context.event.EventPublishingTestExecutionListener]
2022-11-13 16:55:19.564  INFO 10753 --- [    Test worker] .b.t.c.SpringBootTestContextBootstrapper : Using TestExecutionListeners: [org.springframework.test.context.web.ServletTestExecutionListener@41ebc543, org.springframework.test.context.support.DirtiesContextBeforeModesTestExecutionListener@c5dfb16, org.springframework.boot.test.mock.mockito.MockitoTestExecutionListener@50836366, org.springframework.boot.test.autoconfigure.SpringBootDependencyInjectionTestExecutionListener@6bc36b66, org.springframework.test.context.support.DirtiesContextTestExecutionListener@741d6a80, org.springframework.test.context.transaction.TransactionalTestExecutionListener@17fbba5e, org.springframework.test.context.jdbc.SqlScriptsTestExecutionListener@5ca86394, org.springframework.security.test.context.support.WithSecurityContextTestExecutionListener@2cc0ab3c, org.springframework.test.context.event.EventPublishingTestExecutionListener@33969d4e, org.springframework.security.test.context.support.ReactorContextTestExecutionListener@79f5e828, org.springframework.boot.test.autoconfigure.restdocs.RestDocsTestExecutionListener@665e8041, org.springframework.boot.test.autoconfigure.web.client.MockRestServiceServerResetTestExecutionListener@4f6e4efd, org.springframework.boot.test.autoconfigure.web.servlet.MockMvcPrintOnlyOnFailureTestExecutionListener@4815d6b3, org.springframework.boot.test.autoconfigure.web.servlet.WebDriverTestExecutionListener@1ef7c331, org.springframework.boot.test.autoconfigure.webservices.client.MockWebServiceServerTestExecutionListener@cb91426, org.springframework.boot.test.mock.mockito.ResetMocksTestExecutionListener@319daaea]

  .   ____          _            __ _ _
 /\\ / ___'_ __ _ _(_)_ __  __ _ \ \ \ \
( ( )\___ | '_ | '_| | '_ \/ _` | \ \ \ \
 \\/  ___)| |_)| | | | | || (_| |  ) ) ) )
  '  |____| .__|_| |_|_| |_\__, | / / / /
 =========|_|==============|___/=/_/_/_/
 :: Spring Boot ::                (v2.4.1)

2022-11-13 16:55:19.583  WARN 10753 --- [    Test worker] ory$DuplicateJsonObjectContextCustomizer : 

Found multiple occurrences of org.json.JSONObject on the class path:

	jar:file:/Users/ahyeonlim/.gradle/caches/modules-2/files-2.1/org.json/json/20220924/5aa95e7688f76c664af205c5937620f02688dfbc/json-20220924.jar!/org/json/JSONObject.class
	jar:file:/Users/ahyeonlim/.gradle/caches/modules-2/files-2.1/com.vaadin.external.google/android-json/0.0.20131108.vaadin1/fa26d351fe62a6a17f5cda1287c1c6110dec413f/android-json-0.0.20131108.vaadin1.jar!/org/json/JSONObject.class

You may wish to exclude one of them to ensure predictable runtime behavior

2022-11-13 16:55:19.585  INFO 10753 --- [    Test worker] c.j.b.s.web.IndexControllerTest          : Starting IndexControllerTest using Java 11.0.16.1 on im-ahyeon-ui-MacBookPro.local with PID 10753 (started by ahyeonlim in /Users/ahyeonlim/Desktop/2022-02-Spring-Novice-Study/임아현/freelec-springboot2-webservice)
2022-11-13 16:55:19.585  INFO 10753 --- [    Test worker] c.j.b.s.web.IndexControllerTest          : No active profile set, falling back to default profiles: default
2022-11-13 16:55:19.745  INFO 10753 --- [    Test worker] .s.d.r.c.RepositoryConfigurationDelegate : Bootstrapping Spring Data JPA repositories in DEFAULT mode.
2022-11-13 16:55:19.760  INFO 10753 --- [    Test worker] .s.d.r.c.RepositoryConfigurationDelegate : Finished Spring Data repository scanning in 14 ms. Found 2 JPA repository interfaces.
2022-11-13 16:55:20.020  INFO 10753 --- [    Test worker] o.s.b.w.embedded.tomcat.TomcatWebServer  : Tomcat initialized with port(s): 0 (http)
2022-11-13 16:55:20.032  INFO 10753 --- [    Test worker] o.apache.catalina.core.StandardService   : Starting service [Tomcat]
2022-11-13 16:55:20.032  INFO 10753 --- [    Test worker] org.apache.catalina.core.StandardEngine  : Starting Servlet engine: [Apache Tomcat/9.0.41]
2022-11-13 16:55:20.137  INFO 10753 --- [    Test worker] o.a.c.c.C.[Tomcat].[localhost].[/]       : Initializing Spring embedded WebApplicationContext
2022-11-13 16:55:20.137  INFO 10753 --- [    Test worker] w.s.c.ServletWebServerApplicationContext : Root WebApplicationContext: initialization completed in 549 ms
2022-11-13 16:55:20.170  INFO 10753 --- [    Test worker] com.zaxxer.hikari.HikariDataSource       : HikariPool-2 - Starting...
2022-11-13 16:55:20.172  INFO 10753 --- [    Test worker] com.zaxxer.hikari.HikariDataSource       : HikariPool-2 - Start completed.
2022-11-13 16:55:20.172  INFO 10753 --- [    Test worker] o.s.b.a.h2.H2ConsoleAutoConfiguration    : H2 console available at '/h2-console'. Database available at 'jdbc:h2:mem:testdb'
2022-11-13 16:55:20.272  INFO 10753 --- [    Test worker] o.hibernate.jpa.internal.util.LogHelper  : HHH000204: Processing PersistenceUnitInfo [name: default]
2022-11-13 16:55:20.278  INFO 10753 --- [    Test worker] org.hibernate.dialect.Dialect            : HHH000400: Using dialect: org.hibernate.dialect.MySQL57Dialect
Hibernate: drop table if exists posts
Hibernate: drop table if exists user
Hibernate: create table posts (id bigint not null auto_increment, created_date datetime(6), modified_date datetime(6), author varchar(255), content Text not null, title varchar(500) not null, primary key (id)) engine=InnoDB
Hibernate: create table user (id bigint not null auto_increment, created_date datetime(6), modified_date datetime(6), email varchar(255) not null, name varchar(255) not null, picture varchar(255), role varchar(255) not null, primary key (id)) engine=InnoDB
2022-11-13 16:55:20.336  INFO 10753 --- [    Test worker] o.h.e.t.j.p.i.JtaPlatformInitiator       : HHH000490: Using JtaPlatform implementation: [org.hibernate.engine.transaction.jta.platform.internal.NoJtaPlatform]
2022-11-13 16:55:20.337  INFO 10753 --- [    Test worker] j.LocalContainerEntityManagerFactoryBean : Initialized JPA EntityManagerFactory for persistence unit 'default'
2022-11-13 16:55:20.504  WARN 10753 --- [    Test worker] JpaBaseConfiguration$JpaWebConfiguration : spring.jpa.open-in-view is enabled by default. Therefore, database queries may be performed during view rendering. Explicitly configure spring.jpa.open-in-view to disable this warning
2022-11-13 16:55:20.636  INFO 10753 --- [    Test worker] o.s.s.web.DefaultSecurityFilterChain     : Will secure any request with [org.springframework.security.web.context.request.async.WebAsyncManagerIntegrationFilter@397f030f, org.springframework.security.web.context.SecurityContextPersistenceFilter@6721f62e, org.springframework.security.web.header.HeaderWriterFilter@5ab8c38e, org.springframework.security.web.authentication.logout.LogoutFilter@3375f8e1, org.springframework.security.oauth2.client.web.OAuth2AuthorizationRequestRedirectFilter@4051d888, org.springframework.security.oauth2.client.web.OAuth2LoginAuthenticationFilter@59175c54, org.springframework.security.web.authentication.ui.DefaultLoginPageGeneratingFilter@7c3d4ff8, org.springframework.security.web.authentication.ui.DefaultLogoutPageGeneratingFilter@70004849, org.springframework.security.web.savedrequest.RequestCacheAwareFilter@5f8f1315, org.springframework.security.web.servletapi.SecurityContextHolderAwareRequestFilter@43371fd9, org.springframework.security.web.authentication.AnonymousAuthenticationFilter@3edb4b59, org.springframework.security.web.session.SessionManagementFilter@7ed82dba, org.springframework.security.web.access.ExceptionTranslationFilter@47efff20, org.springframework.security.web.access.intercept.FilterSecurityInterceptor@7e26e213]
2022-11-13 16:55:20.708  INFO 10753 --- [    Test worker] o.s.s.concurrent.ThreadPoolTaskExecutor  : Initializing ExecutorService 'applicationTaskExecutor'
2022-11-13 16:55:20.732  INFO 10753 --- [    Test worker] o.s.b.a.w.s.WelcomePageHandlerMapping    : Adding welcome page template: index
2022-11-13 16:55:20.883  INFO 10753 --- [    Test worker] o.s.b.w.embedded.tomcat.TomcatWebServer  : Tomcat started on port(s): 51828 (http) with context path ''
2022-11-13 16:55:20.886  INFO 10753 --- [    Test worker] s.a.ScheduledAnnotationBeanPostProcessor : No TaskScheduler/ScheduledExecutorService bean found for scheduled processing
2022-11-13 16:55:20.887  INFO 10753 --- [    Test worker] c.j.b.s.web.IndexControllerTest          : Started IndexControllerTest in 1.321 seconds (JVM running for 7.734)
2022-11-13 16:55:20.974  INFO 10753 --- [o-auto-1-exec-1] o.a.c.c.C.[Tomcat].[localhost].[/]       : Initializing Spring DispatcherServlet 'dispatcherServlet'
2022-11-13 16:55:20.974  INFO 10753 --- [o-auto-1-exec-1] o.s.web.servlet.DispatcherServlet        : Initializing Servlet 'dispatcherServlet'
2022-11-13 16:55:20.975  INFO 10753 --- [o-auto-1-exec-1] o.s.web.servlet.DispatcherServlet        : Completed initialization in 1 ms
Hibernate: select posts0_.id as id1_0_, posts0_.created_date as created_2_0_, posts0_.modified_date as modified3_0_, posts0_.author as author4_0_, posts0_.content as content5_0_, posts0_.title as title6_0_ from posts posts0_ order by posts0_.id DESC
]]></system-out>
  <system-err><![CDATA[]]></system-err>
</testsuite>
