<?xml version="1.0" encoding="UTF-8"?>
<testsuite name="com.jojoldu.book.springboot.web.HelloControllerTest" tests="2" skipped="0" failures="0" errors="0" timestamp="2022-11-13T07:55:19" hostname="im-ahyeon-ui-MacBookPro.local" time="0.146">
  <properties/>
  <testcase name="hello가_리턴된다()" classname="com.jojoldu.book.springboot.web.HelloControllerTest" time="0.064"/>
  <testcase name="helloDto가_리턴된다()" classname="com.jojoldu.book.springboot.web.HelloControllerTest" time="0.081"/>
  <system-out><![CDATA[2022-11-13 16:55:18.777  INFO 10753 --- [    Test worker] .b.t.a.w.s.WebMvcTestContextBootstrapper : Neither @ContextConfiguration nor @ContextHierarchy found for test class [com.jojoldu.book.springboot.web.HelloControllerTest], using SpringBootContextLoader
2022-11-13 16:55:18.778  INFO 10753 --- [    Test worker] o.s.t.c.support.AbstractContextLoader    : Could not detect default resource locations for test class [com.jojoldu.book.springboot.web.HelloControllerTest]: no resource found for suffixes {-context.xml, Context.groovy}.
2022-11-13 16:55:18.778  INFO 10753 --- [    Test worker] t.c.s.AnnotationConfigContextLoaderUtils : Could not detect default configuration classes for test class [com.jojoldu.book.springboot.web.HelloControllerTest]: HelloControllerTest does not declare any static, non-private, non-final, nested classes annotated with @Configuration.
2022-11-13 16:55:18.796  INFO 10753 --- [    Test worker] .b.t.c.SpringBootTestContextBootstrapper : Found @SpringBootConfiguration com.jojoldu.book.springboot.Application for test class com.jojoldu.book.springboot.web.HelloControllerTest
2022-11-13 16:55:18.797  INFO 10753 --- [    Test worker] .b.t.a.w.s.WebMvcTestContextBootstrapper : Loaded default TestExecutionListener class names from location [META-INF/spring.factories]: [org.springframework.security.test.context.support.WithSecurityContextTestExecutionListener, org.springframework.security.test.context.support.ReactorContextTestExecutionListener, org.springframework.boot.test.autoconfigure.restdocs.RestDocsTestExecutionListener, org.springframework.boot.test.autoconfigure.web.client.MockRestServiceServerResetTestExecutionListener, org.springframework.boot.test.autoconfigure.web.servlet.MockMvcPrintOnlyOnFailureTestExecutionListener, org.springframework.boot.test.autoconfigure.web.servlet.WebDriverTestExecutionListener, org.springframework.boot.test.autoconfigure.webservices.client.MockWebServiceServerTestExecutionListener, org.springframework.boot.test.mock.mockito.MockitoTestExecutionListener, org.springframework.boot.test.mock.mockito.ResetMocksTestExecutionListener, org.springframework.test.context.web.ServletTestExecutionListener, org.springframework.test.context.support.DirtiesContextBeforeModesTestExecutionListener, org.springframework.test.context.support.DependencyInjectionTestExecutionListener, org.springframework.test.context.support.DirtiesContextTestExecutionListener, org.springframework.test.context.transaction.TransactionalTestExecutionListener, org.springframework.test.context.jdbc.SqlScriptsTestExecutionListener, org.springframework.test.context.event.EventPublishingTestExecutionListener]
2022-11-13 16:55:18.798  INFO 10753 --- [    Test worker] .b.t.a.w.s.WebMvcTestContextBootstrapper : Using TestExecutionListeners: [org.springframework.test.context.web.ServletTestExecutionListener@5974fed7, org.springframework.test.context.support.DirtiesContextBeforeModesTestExecutionListener@5fc67d5e, org.springframework.boot.test.mock.mockito.MockitoTestExecutionListener@ca6eeba, org.springframework.boot.test.autoconfigure.SpringBootDependencyInjectionTestExecutionListener@556efa27, org.springframework.test.context.support.DirtiesContextTestExecutionListener@2b12341b, org.springframework.test.context.transaction.TransactionalTestExecutionListener@47d280aa, org.springframework.test.context.jdbc.SqlScriptsTestExecutionListener@7c3a65d4, org.springframework.security.test.context.support.WithSecurityContextTestExecutionListener@5ea717b6, org.springframework.test.context.event.EventPublishingTestExecutionListener@642f4295, org.springframework.security.test.context.support.ReactorContextTestExecutionListener@372b496a, org.springframework.boot.test.autoconfigure.restdocs.RestDocsTestExecutionListener@18908e9e, org.springframework.boot.test.autoconfigure.web.client.MockRestServiceServerResetTestExecutionListener@7eec309d, org.springframework.boot.test.autoconfigure.web.servlet.MockMvcPrintOnlyOnFailureTestExecutionListener@60c9ee3f, org.springframework.boot.test.autoconfigure.web.servlet.WebDriverTestExecutionListener@d449b55, org.springframework.boot.test.autoconfigure.webservices.client.MockWebServiceServerTestExecutionListener@113c101d, org.springframework.boot.test.mock.mockito.ResetMocksTestExecutionListener@e4ba27f]

  .   ____          _            __ _ _
 /\\ / ___'_ __ _ _(_)_ __  __ _ \ \ \ \
( ( )\___ | '_ | '_| | '_ \/ _` | \ \ \ \
 \\/  ___)| |_)| | | | | || (_| |  ) ) ) )
  '  |____| .__|_| |_|_| |_\__, | / / / /
 =========|_|==============|___/=/_/_/_/
 :: Spring Boot ::                (v2.4.1)

2022-11-13 16:55:18.828  WARN 10753 --- [    Test worker] ory$DuplicateJsonObjectContextCustomizer : 

Found multiple occurrences of org.json.JSONObject on the class path:

	jar:file:/Users/ahyeonlim/.gradle/caches/modules-2/files-2.1/org.json/json/20220924/5aa95e7688f76c664af205c5937620f02688dfbc/json-20220924.jar!/org/json/JSONObject.class
	jar:file:/Users/ahyeonlim/.gradle/caches/modules-2/files-2.1/com.vaadin.external.google/android-json/0.0.20131108.vaadin1/fa26d351fe62a6a17f5cda1287c1c6110dec413f/android-json-0.0.20131108.vaadin1.jar!/org/json/JSONObject.class

You may wish to exclude one of them to ensure predictable runtime behavior

2022-11-13 16:55:18.829  INFO 10753 --- [    Test worker] c.j.b.s.web.HelloControllerTest          : Starting HelloControllerTest using Java 11.0.16.1 on im-ahyeon-ui-MacBookPro.local with PID 10753 (started by ahyeonlim in /Users/ahyeonlim/Desktop/2022-02-Spring-Novice-Study/임아현/freelec-springboot2-webservice)
2022-11-13 16:55:18.829  INFO 10753 --- [    Test worker] c.j.b.s.web.HelloControllerTest          : No active profile set, falling back to default profiles: default
2022-11-13 16:55:19.114  INFO 10753 --- [    Test worker] o.s.s.concurrent.ThreadPoolTaskExecutor  : Initializing ExecutorService 'applicationTaskExecutor'
2022-11-13 16:55:19.138  INFO 10753 --- [    Test worker] o.s.b.a.w.s.WelcomePageHandlerMapping    : Adding welcome page template: index
2022-11-13 16:55:19.336  INFO 10753 --- [    Test worker] o.s.s.web.DefaultSecurityFilterChain     : Will secure any request with [org.springframework.security.web.context.request.async.WebAsyncManagerIntegrationFilter@7631b979, org.springframework.security.web.context.SecurityContextPersistenceFilter@ba74562, org.springframework.security.web.header.HeaderWriterFilter@3d7e037f, org.springframework.security.web.csrf.CsrfFilter@7c5e9745, org.springframework.security.web.authentication.logout.LogoutFilter@77c4e515, org.springframework.security.oauth2.client.web.OAuth2AuthorizationRequestRedirectFilter@2fc2a258, org.springframework.security.oauth2.client.web.OAuth2AuthorizationRequestRedirectFilter@1a30e040, org.springframework.security.oauth2.client.web.OAuth2LoginAuthenticationFilter@38926dc6, org.springframework.security.web.authentication.ui.DefaultLoginPageGeneratingFilter@451bffc3, org.springframework.security.web.authentication.ui.DefaultLogoutPageGeneratingFilter@39636bf9, org.springframework.security.web.savedrequest.RequestCacheAwareFilter@2c63d1c7, org.springframework.security.web.servletapi.SecurityContextHolderAwareRequestFilter@61cb4acf, org.springframework.security.web.authentication.AnonymousAuthenticationFilter@601c3eb7, org.springframework.security.oauth2.client.web.OAuth2AuthorizationCodeGrantFilter@56ad8f46, org.springframework.security.web.session.SessionManagementFilter@772a17fc, org.springframework.security.web.access.ExceptionTranslationFilter@35925e37, org.springframework.security.web.access.intercept.FilterSecurityInterceptor@3b2f7c00]
2022-11-13 16:55:19.398  INFO 10753 --- [    Test worker] o.s.b.t.m.w.SpringBootMockServletContext : Initializing Spring TestDispatcherServlet ''
2022-11-13 16:55:19.398  INFO 10753 --- [    Test worker] o.s.t.web.servlet.TestDispatcherServlet  : Initializing Servlet ''
2022-11-13 16:55:19.399  INFO 10753 --- [    Test worker] o.s.t.web.servlet.TestDispatcherServlet  : Completed initialization in 1 ms
2022-11-13 16:55:19.408  INFO 10753 --- [    Test worker] c.j.b.s.web.HelloControllerTest          : Started HelloControllerTest in 0.608 seconds (JVM running for 6.255)
]]></system-out>
  <system-err><![CDATA[]]></system-err>
</testsuite>
